
> uniprog-x-client@0.0.0 build
> tsc && vite build

src/App.tsx(55,17): error TS1345: An expression of type 'void' cannot be tested for truthiness.
src/App.tsx(430,25): error TS7053: Element implicitly has an 'any' type because expression of type 'number' can't be used to index type 'OpupPacket'.
  No index signature with a parameter of type 'number' was found on type 'OpupPacket'.
src/App.tsx(432,172): error TS7053: Element implicitly has an 'any' type because expression of type 'number' can't be used to index type 'OpupPacket'.
  No index signature with a parameter of type 'number' was found on type 'OpupPacket'.
